{"contracts/ProbablySomething.sol":{"l":{"25":2,"26":1,"30":1,"31":1,"35":1,"36":1,"37":1,"39":1,"40":1,"41":1,"46":1,"47":1,"51":1,"52":1,"56":1,"65":1,"69":1},"path":"/Users/dev/art/wgmi/contracts/ProbablySomething.sol","s":{"1":2,"2":1,"3":1,"4":1,"5":1,"6":1,"7":1,"8":1,"9":1,"10":1,"11":1,"12":1,"13":1,"14":1,"15":1},"b":{"1":[1,1],"2":[1,0],"3":[1,0],"4":[1,0],"5":[1,0],"6":[1,0]},"f":{"1":3,"2":2,"3":1,"4":1,"5":1,"6":1,"7":1,"8":1,"9":1},"fnMap":{"1":{"name":"constructor","line":21,"loc":{"start":{"line":21,"column":4},"end":{"line":21,"column":57}}},"2":{"name":"whenProvincial","line":24,"loc":{"start":{"line":24,"column":4},"end":{"line":27,"column":4}}},"3":{"name":"release","line":29,"loc":{"start":{"line":29,"column":4},"end":{"line":32,"column":4}}},"4":{"name":"mint","line":34,"loc":{"start":{"line":34,"column":4},"end":{"line":43,"column":4}}},"5":{"name":"setProvenance","line":45,"loc":{"start":{"line":45,"column":4},"end":{"line":48,"column":4}}},"6":{"name":"setBaseURI","line":50,"loc":{"start":{"line":50,"column":4},"end":{"line":53,"column":4}}},"7":{"name":"_baseURI","line":55,"loc":{"start":{"line":55,"column":4},"end":{"line":57,"column":4}}},"8":{"name":"tokenURI","line":59,"loc":{"start":{"line":59,"column":4},"end":{"line":66,"column":4}}},"9":{"name":"totalSupply","line":68,"loc":{"start":{"line":68,"column":4},"end":{"line":70,"column":4}}}},"statementMap":{"1":{"start":{"line":25,"column":8},"end":{"line":25,"column":66}},"2":{"start":{"line":30,"column":8},"end":{"line":30,"column":47}},"3":{"start":{"line":31,"column":8},"end":{"line":31,"column":41}},"4":{"start":{"line":35,"column":8},"end":{"line":35,"column":52}},"5":{"start":{"line":36,"column":8},"end":{"line":36,"column":70}},"6":{"start":{"line":37,"column":8},"end":{"line":37,"column":57}},"7":{"start":{"line":39,"column":8},"end":{"line":39,"column":1118}},"8":{"start":{"line":41,"column":12},"end":{"line":41,"column":46}},"9":{"start":{"line":46,"column":8},"end":{"line":46,"column":63}},"10":{"start":{"line":47,"column":8},"end":{"line":47,"column":30}},"11":{"start":{"line":51,"column":8},"end":{"line":51,"column":56}},"12":{"start":{"line":52,"column":8},"end":{"line":52,"column":20}},"13":{"start":{"line":56,"column":8},"end":{"line":56,"column":22}},"14":{"start":{"line":65,"column":8},"end":{"line":65,"column":73}},"15":{"start":{"line":69,"column":8},"end":{"line":69,"column":27}}},"branchMap":{"1":{"line":25,"type":"if","locations":[{"start":{"line":25,"column":8},"end":{"line":25,"column":8}},{"start":{"line":25,"column":8},"end":{"line":25,"column":8}}]},"2":{"line":35,"type":"if","locations":[{"start":{"line":35,"column":8},"end":{"line":35,"column":8}},{"start":{"line":35,"column":8},"end":{"line":35,"column":8}}]},"3":{"line":36,"type":"if","locations":[{"start":{"line":36,"column":8},"end":{"line":36,"column":8}},{"start":{"line":36,"column":8},"end":{"line":36,"column":8}}]},"4":{"line":37,"type":"if","locations":[{"start":{"line":37,"column":8},"end":{"line":37,"column":8}},{"start":{"line":37,"column":8},"end":{"line":37,"column":8}}]},"5":{"line":46,"type":"if","locations":[{"start":{"line":46,"column":8},"end":{"line":46,"column":8}},{"start":{"line":46,"column":8},"end":{"line":46,"column":8}}]},"6":{"line":51,"type":"if","locations":[{"start":{"line":51,"column":8},"end":{"line":51,"column":8}},{"start":{"line":51,"column":8},"end":{"line":51,"column":8}}]}}}}